#
# There is insufficient memory for the Java Runtime Environment to continue.
# Native memory allocation (malloc) failed to allocate 1166576 bytes for Chunk::new
# Possible reasons:
#   The system is out of physical RAM or swap space
#   In 32 bit mode, the process size limit was hit
# Possible solutions:
#   Reduce memory load on the system
#   Increase physical memory or swap space
#   Check if swap backing store is full
#   Use 64 bit Java on a 64 bit OS
#   Decrease Java heap size (-Xmx/-Xms)
#   Decrease number of Java threads
#   Decrease Java thread stack sizes (-Xss)
#   Set larger code cache with -XX:ReservedCodeCacheSize=
# This output file may be truncated or incomplete.
#
#  Out of Memory Error (allocation.cpp:390), pid=5796, tid=10276
#
# JRE version: Java(TM) SE Runtime Environment (8.0_40-b25) (build 1.8.0_40-b25)
# Java VM: Java HotSpot(TM) 64-Bit Server VM (25.40-b25 mixed mode windows-amd64 compressed oops)
# Failed to write core dump. Minidumps are not enabled by default on client versions of Windows
#

---------------  T H R E A D  ---------------

Current thread (0x0000000014a08800):  JavaThread "C2 CompilerThread0" daemon [_thread_in_native, id=10276, stack(0x0000000015f70000,0x0000000016070000)]

Stack: [0x0000000015f70000,0x0000000016070000]
Native frames: (J=compiled Java code, j=interpreted, Vv=VM code, C=native code)
V  [jvm.dll+0x32b47a]


Current CompileTask:
C2:   3647 1352   !   4       com.android.dx.cf.code.Ropper::processBlock (1101 bytes)


---------------  P R O C E S S  ---------------

Java Threads: ( => current thread )
  0x0000000016276000 JavaThread "Service Thread" daemon [_thread_blocked, id=1336, stack(0x0000000016670000,0x0000000016770000)]
  0x0000000014a5c000 JavaThread "C1 CompilerThread2" daemon [_thread_blocked, id=12472, stack(0x0000000016170000,0x0000000016270000)]
  0x0000000014a4d800 JavaThread "C2 CompilerThread1" daemon [_thread_in_native, id=12476, stack(0x0000000016070000,0x0000000016170000)]
=>0x0000000014a08800 JavaThread "C2 CompilerThread0" daemon [_thread_in_native, id=10276, stack(0x0000000015f70000,0x0000000016070000)]
  0x0000000014a06800 JavaThread "Attach Listener" daemon [_thread_blocked, id=13260, stack(0x0000000015e70000,0x0000000015f70000)]
  0x0000000014a05000 JavaThread "Signal Dispatcher" daemon [_thread_blocked, id=7796, stack(0x0000000015d70000,0x0000000015e70000)]
  0x0000000002326000 JavaThread "Finalizer" daemon [_thread_blocked, id=13028, stack(0x0000000015c70000,0x0000000015d70000)]
  0x000000000231d000 JavaThread "Reference Handler" daemon [_thread_blocked, id=12872, stack(0x0000000015b70000,0x0000000015c70000)]
  0x0000000002230800 JavaThread "main" [_thread_in_vm, id=12980, stack(0x00000000020e0000,0x00000000021e0000)]

Other Threads:
  0x00000000149c8000 VMThread [stack: 0x0000000015a70000,0x0000000015b70000] [id=13288]
  0x0000000016277000 WatcherThread [stack: 0x0000000016770000,0x0000000016870000] [id=12992]

VM state:not at safepoint (normal execution)

VM Mutex/Monitor currently owned by a thread: None

Heap:
 PSYoungGen      total 114688K, used 62931K [0x00000000eab00000, 0x00000000f2b00000, 0x0000000100000000)
  eden space 98304K, 64% used [0x00000000eab00000,0x00000000ee874d88,0x00000000f0b00000)
  from space 16384K, 0% used [0x00000000f1b00000,0x00000000f1b00000,0x00000000f2b00000)
  to   space 16384K, 0% used [0x00000000f0b00000,0x00000000f0b00000,0x00000000f1b00000)
 ParOldGen       total 262144K, used 0K [0x00000000c0000000, 0x00000000d0000000, 0x00000000eab00000)
  object space 262144K, 0% used [0x00000000c0000000,0x00000000c0000000,0x00000000d0000000)
 Metaspace       used 5585K, capacity 6896K, committed 7040K, reserved 1056768K
  class space    used 551K, capacity 616K, committed 640K, reserved 1048576K

Card table byte_map: [0x00000000116f0000,0x0000000011900000] byte_map_base: 0x00000000110f0000

Marking Bits: (ParMarkBitMap*) 0x0000000059264040
 Begin Bits: [0x0000000011e60000, 0x0000000012e60000)
 End Bits:   [0x0000000012e60000, 0x0000000013e60000)

Polling page: 0x0000000002020000

CodeCache: size=245760Kb used=6387Kb max_used=6387Kb free=239372Kb
 bounds [0x0000000002330000, 0x0000000002980000, 0x0000000011330000]
 total_blobs=1651 nmethods=1386 adapters=178
 compilation: enabled

Compilation events (10 events):
Event: 3.602 Thread 0x0000000014a5c000 1393       3       com.android.dx.ssa.SsaConverter::edgeSplitPredecessors (44 bytes)
Event: 3.602 Thread 0x0000000014a5c000 nmethod 1393 0x0000000002961e10 code [0x0000000002962020, 0x00000000029629e8]
Event: 3.604 Thread 0x0000000014a4d800 nmethod 1389 0x000000000295e590 code [0x000000000295e720, 0x000000000295ed98]
Event: 3.605 Thread 0x0000000014a4d800 1391       4       com.android.dx.ssa.SsaBasicBlock::newFromRop (183 bytes)
Event: 3.614 Thread 0x0000000014a5c000 1395       3       com.android.dx.ssa.SsaConverter::edgeSplitMoveExceptionsAndResults (157 bytes)
Event: 3.615 Thread 0x0000000014a5c000 nmethod 1395 0x00000000029698d0 code [0x0000000002969c60, 0x000000000296b968]
Event: 3.618 Thread 0x0000000014a5c000 1398       3       com.android.dx.ssa.SsaConverter::edgeSplitSuccessors (98 bytes)
Event: 3.619 Thread 0x0000000014a5c000 nmethod 1398 0x0000000002967e90 code [0x0000000002968100, 0x0000000002968f28]
Event: 3.634 Thread 0x0000000014a5c000 1400       3       com.android.dx.ssa.Dominators::run (506 bytes)
Event: 3.637 Thread 0x0000000014a5c000 nmethod 1400 0x000000000296cd10 code [0x000000000296d300, 0x00000000029714f8]

GC Heap History (0 events):
No events

Deoptimization events (10 events):
Event: 2.388 Thread 0x0000000002230800 Uncommon trap: reason=class_check action=maybe_recompile pc=0x000000000267aa30 method=com.android.dx.rop.type.Type.equals(Ljava/lang/Object;)Z @ 8
Event: 2.388 Thread 0x0000000002230800 Uncommon trap: reason=class_check action=maybe_recompile pc=0x000000000267aa30 method=com.android.dx.rop.type.Type.equals(Ljava/lang/Object;)Z @ 8
Event: 2.388 Thread 0x0000000002230800 Uncommon trap: reason=class_check action=maybe_recompile pc=0x000000000267aa30 method=com.android.dx.rop.type.Type.equals(Ljava/lang/Object;)Z @ 8
Event: 2.389 Thread 0x0000000002230800 Uncommon trap: reason=unstable_if action=reinterpret pc=0x000000000273d5f8 method=com.android.dx.cf.code.Ropper.labelToResultIndex(I)I @ 34
Event: 2.396 Thread 0x0000000002230800 Uncommon trap: reason=unstable_if action=reinterpret pc=0x00000000027e0170 method=com.android.dx.util.LabeledList.set(ILcom/android/dx/util/LabeledItem;)V @ 16
Event: 2.396 Thread 0x0000000002230800 Uncommon trap: reason=unstable_if action=reinterpret pc=0x000000000277bef8 method=com.android.dx.util.LabeledList.set(ILcom/android/dx/util/LabeledItem;)V @ 16
Event: 2.475 Thread 0x0000000002230800 Uncommon trap: reason=bimorphic action=maybe_recompile pc=0x000000000283b454 method=com.android.dx.ssa.LiteralOpUpgrader.tryReplacingWithConstant(Lcom/android/dx/ssa/NormalSsaInsn;)Z @ 52
Event: 3.446 Thread 0x0000000002230800 Uncommon trap: reason=unstable_if action=reinterpret pc=0x0000000002866e64 method=com.android.dx.cf.code.BaseMachine.getLocalTarget(Z)Lcom/android/dx/rop/code/RegisterSpec; @ 131
Event: 3.446 Thread 0x0000000002230800 Uncommon trap: reason=unstable_if action=reinterpret pc=0x00000000028b4074 method=com.android.dx.cf.code.BaseMachine.getLocalTarget(Z)Lcom/android/dx/rop/code/RegisterSpec; @ 131
Event: 3.484 Thread 0x0000000002230800 Uncommon trap: reason=bimorphic action=maybe_recompile pc=0x000000000283b454 method=com.android.dx.ssa.LiteralOpUpgrader.tryReplacingWithConstant(Lcom/android/dx/ssa/NormalSsaInsn;)Z @ 52

Internal exceptions (2 events):
Event: 0.035 Thread 0x0000000002230800 Exception <a 'java/lang/NoSuchMethodError': Method sun.misc.Unsafe.defineClass(Ljava/lang/String;[BII)Ljava/lang/Class; name or signature does not match> (0x00000000eab0d460) thrown at [D:\re\workspace\8-2-build-windows-amd64-cygwin\jdk8u40\2855\hotspot\srG° 3³Ò¡?
Event: 0.035 Thread 0x0000000002230800 Exception <a 'java/lang/NoSuchMethodError': Method sun.misc.Unsafe.prefetchRead(Ljava/lang/Object;J)V name or signature does not match> (0x00000000eab0d6f0) thrown at [D:\re\workspace\8-2-build-windows-amd64-cygwin\jdk8u40\2855\hotspot\src\share\vm\prims\j

Events (10 events):
Event: 3.446 Thread 0x0000000002230800 DEOPT UNPACKING pc=0x000000000237582a sp=0x00000000021de158 mode 2
Event: 3.472 Thread 0x0000000002230800 DEOPT PACKING pc=0x000000000266b83d sp=0x00000000021de6e0
Event: 3.472 Thread 0x0000000002230800 DEOPT UNPACKING pc=0x000000000237787f sp=0x00000000021de498 mode 0
Event: 3.484 Thread 0x0000000002230800 Uncommon trap: trap_request=0xffffffc6 fr.pc=0x000000000283b454
Event: 3.484 Thread 0x0000000002230800 DEOPT PACKING pc=0x000000000283b454 sp=0x00000000021de5c0
Event: 3.484 Thread 0x0000000002230800 DEOPT UNPACKING pc=0x000000000237582a sp=0x00000000021de498 mode 2
Event: 3.614 Thread 0x0000000002230800 DEOPT PACKING pc=0x00000000025a4083 sp=0x00000000021de6f0
Event: 3.614 Thread 0x0000000002230800 DEOPT UNPACKING pc=0x000000000237787f sp=0x00000000021de3e8 mode 0
Event: 3.618 Thread 0x0000000002230800 DEOPT PACKING pc=0x000000000257e2fc sp=0x00000000021de6a0
Event: 3.618 Thread 0x0000000002230800 DEOPT UNPACKING pc=0x000000000237787f sp=0x00000000021de3c8 mode 0


Dynamic libraries:
0x00007ff675580000 - 0x00007ff6755b7000 	C:\Program Files\Java\jdk1.8.0_40\bin\java.exe
0x00007ffc85bd0000 - 0x00007ffc85d7d000 	C:\Windows\SYSTEM32\ntdll.dll
0x00007ffc84010000 - 0x00007ffc8414e000 	C:\Windows\system32\KERNEL32.DLL
0x00007ffc82e20000 - 0x00007ffc82f35000 	C:\Windows\system32\KERNELBASE.dll
0x00007ffc81880000 - 0x00007ffc8190e000 	C:\Windows\system32\apphelp.dll
0x00007ffc79560000 - 0x00007ffc795b3000 	C:\Windows\AppPatch\AppPatch64\AcGenral.DLL
0x00007ffc83a20000 - 0x00007ffc83aca000 	C:\Windows\system32\msvcrt.dll
0x00007ffc82f40000 - 0x00007ffc82f6e000 	C:\Windows\system32\SspiCli.dll
0x00007ffc83720000 - 0x00007ffc83774000 	C:\Windows\system32\SHLWAPI.dll
0x00007ffc84450000 - 0x00007ffc845c7000 	C:\Windows\system32\USER32.dll
0x00007ffc83c30000 - 0x00007ffc83dc4000 	C:\Windows\system32\ole32.dll
0x00007ffc846a0000 - 0x00007ffc85bc9000 	C:\Windows\system32\SHELL32.dll
0x00007ffc82350000 - 0x00007ffc82371000 	C:\Windows\SYSTEM32\USERENV.dll
0x00007ffc843a0000 - 0x00007ffc8444a000 	C:\Windows\system32\ADVAPI32.dll
0x00007ffc79ab0000 - 0x00007ffc79ace000 	C:\Windows\SYSTEM32\MPR.dll
0x00007ffc83780000 - 0x00007ffc838c0000 	C:\Windows\system32\RPCRT4.dll
0x00007ffc83330000 - 0x00007ffc83389000 	C:\Windows\SYSTEM32\sechost.dll
0x00007ffc83df0000 - 0x00007ffc84001000 	C:\Windows\SYSTEM32\combase.dll
0x00007ffc83ad0000 - 0x00007ffc83c1f000 	C:\Windows\system32\GDI32.dll
0x00007ffc82d00000 - 0x00007ffc82d15000 	C:\Windows\SYSTEM32\profapi.dll
0x00007ffc81030000 - 0x00007ffc810e2000 	C:\Windows\SYSTEM32\SHCORE.dll
0x00007ffc83520000 - 0x00007ffc83556000 	C:\Windows\system32\IMM32.DLL
0x00007ffc838c0000 - 0x00007ffc83a12000 	C:\Windows\system32\MSCTF.dll
0x00007ffc80550000 - 0x00007ffc807cb000 	C:\Windows\WinSxS\amd64_microsoft.windows.common-controls_6595b64144ccf1df_6.0.9600.18006_none_623f33d3ecbe86e8\COMCTL32.dll
0x0000000056970000 - 0x0000000056a42000 	C:\Program Files\Java\jdk1.8.0_40\jre\bin\msvcr100.dll
0x0000000058a60000 - 0x00000000592e3000 	C:\Program Files\Java\jdk1.8.0_40\jre\bin\server\jvm.dll
0x00007ffc7ede0000 - 0x00007ffc7ede9000 	C:\Windows\SYSTEM32\WSOCK32.dll
0x00007ffc80820000 - 0x00007ffc80842000 	C:\Windows\SYSTEM32\WINMM.dll
0x00007ffc80850000 - 0x00007ffc8085a000 	C:\Windows\SYSTEM32\VERSION.dll
0x00007ffc83c20000 - 0x00007ffc83c27000 	C:\Windows\system32\PSAPI.DLL
0x00007ffc84340000 - 0x00007ffc8439a000 	C:\Windows\system32\WS2_32.dll
0x00007ffc807f0000 - 0x00007ffc8081a000 	C:\Windows\SYSTEM32\WINMMBASE.dll
0x00007ffc83560000 - 0x00007ffc83569000 	C:\Windows\system32\NSI.dll
0x00007ffc82dd0000 - 0x00007ffc82e1f000 	C:\Windows\SYSTEM32\cfgmgr32.dll
0x00007ffc81b40000 - 0x00007ffc81b68000 	C:\Windows\SYSTEM32\DEVOBJ.dll
0x0000000059d00000 - 0x0000000059d0f000 	C:\Program Files\Java\jdk1.8.0_40\jre\bin\verify.dll
0x0000000059cd0000 - 0x0000000059cf9000 	C:\Program Files\Java\jdk1.8.0_40\jre\bin\java.dll
0x0000000059cb0000 - 0x0000000059cc6000 	C:\Program Files\Java\jdk1.8.0_40\jre\bin\zip.dll

VM Arguments:
jvm_args: -Djava.awt.headless=true -Xmx1024M -Dfile.encoding=windows-1252 -Duser.country=SE -Duser.language=sv -Duser.variant 
java_command: com.android.dx.command.Main --dex --force-jumbo --multi-dex --output E:\repos\Sunshine\Sunshine-Version-2\app\build\intermediates\transforms\dex\debug\folders\1000\5\slice_2 E:\repos\Sunshine\Sunshine-Version-2\app\build\intermediates\transforms\instantRunSlicer\debug\folders\1\5\slice_2
java_class_path (initial): E:\Program\Android\sdk\build-tools\21.1.2\lib\dx.jar
Launcher Type: SUN_STANDARD

Environment Variables:
PATH=C:\ProgramData\Oracle\Java\javapath;C:\Program Files (x86)\NVIDIA Corporation\PhysX\Common;C:\Windows\system32;C:\Windows;C:\Windows\System32\Wbem;C:\Windows\System32\WindowsPowerShell\v1.0\;C:\Program Files (x86)\ATI Technologies\ATI.ACE\Core-Static;E:\Program\AMD\ATI.ACE\Core-Static;C:\Program Files (x86)\AMD\ATI.ACE\Core-Static;E:\Program\Matlab2014b\runtime\win64;E:\Program\Matlab2014b\bin;E:\Program\MiKTeX\miktex\bin\x64\;C:\Program Files\Java\jdk1.8.0_40\bin;C:\Program Files (x86)\IVI Foundation\VISA\WinNT\Bin;C:\Program Files (x86)\Skype\Phone\;E:\Program\Anaconda3;E:\Program\Anaconda3\Scripts;E:\Program\Anaconda3\Library\bin;E:\Program\Git\Git\cmd;C:\Program Files (x86)\Windows Live\Shared;C:\SQLite
USERNAME=dan
OS=Windows_NT
PROCESSOR_IDENTIFIER=Intel64 Family 6 Model 42 Stepping 7, GenuineIntel



---------------  S Y S T E M  ---------------

OS: Windows 8.1 , 64 bit Build 9600 (6.3.9600.17415)

CPU:total 4 (4 cores per cpu, 1 threads per core) family 6 model 42 stepping 7, cmov, cx8, fxsr, mmx, sse, sse2, sse3, ssse3, sse4.1, sse4.2, popcnt, avx, aes, clmul, tsc, tscinvbit

Memory: 4k page, physical 25146516k(3399140k free), swap 40790496k(5108k free)

vm_info: Java HotSpot(TM) 64-Bit Server VM (25.40-b25) for windows-amd64 JRE (1.8.0_40-b25), built on Feb 10 2015 21:53:57 by "java_re" with MS VC++ 10.0 (VS2010)

time: Mon Sep 26 23:46:04 2016
elapsed time: 3 seconds (0d 0h 0m 3s)

