#
# There is insufficient memory for the Java Runtime Environment to continue.
# Native memory allocation (malloc) failed to allocate 1048576 bytes for AllocateHeap
# Possible reasons:
#   The system is out of physical RAM or swap space
#   In 32 bit mode, the process size limit was hit
# Possible solutions:
#   Reduce memory load on the system
#   Increase physical memory or swap space
#   Check if swap backing store is full
#   Use 64 bit Java on a 64 bit OS
#   Decrease Java heap size (-Xmx/-Xms)
#   Decrease number of Java threads
#   Decrease Java thread stack sizes (-Xss)
#   Set larger code cache with -XX:ReservedCodeCacheSize=
# This output file may be truncated or incomplete.
#
#  Out of Memory Error (memory/allocation.inline.hpp:61), pid=5640, tid=12440
#
# JRE version:  (8.0_40-b25) (build )
# Java VM: Java HotSpot(TM) 64-Bit Server VM (25.40-b25 mixed mode windows-amd64 compressed oops)
# Failed to write core dump. Minidumps are not enabled by default on client versions of Windows
#

---------------  T H R E A D  ---------------

Current thread (0x0000000002500800):  JavaThread "Unknown thread" [_thread_in_vm, id=12440, stack(0x0000000002370000,0x0000000002470000)]

Stack: [0x0000000002370000,0x0000000002470000]
Native frames: (J=compiled Java code, j=interpreted, Vv=VM code, C=native code)
V  [jvm.dll+0x32b47a]
V  [jvm.dll+0x2797f3]
V  [jvm.dll+0x27a489]
V  [jvm.dll+0x2717a5]
V  [jvm.dll+0x1606]
V  [jvm.dll+0x270812]
V  [jvm.dll+0x3eeb5a]
V  [jvm.dll+0x3ea707]
V  [jvm.dll+0xf2c12]
V  [jvm.dll+0x20f139]
V  [jvm.dll+0x240d9a]
V  [jvm.dll+0x15b941]
C  [java.exe+0x216e]
C  [java.exe+0xcce7]
C  [java.exe+0xcd7b]
C  [KERNEL32.DLL+0x13d2]
C  [ntdll.dll+0x154e4]


---------------  P R O C E S S  ---------------

Java Threads: ( => current thread )

Other Threads:

=>0x0000000002500800 (exited) JavaThread "Unknown thread" [_thread_in_vm, id=12440, stack(0x0000000002370000,0x0000000002470000)]

VM state:not at safepoint (normal execution)

VM Mutex/Monitor currently owned by a thread: None

Heap:
 PSYoungGen      total 114688K, used 1966K [0x00000000eab00000, 0x00000000f2b00000, 0x0000000100000000)
  eden space 98304K, 2% used [0x00000000eab00000,0x00000000eaceb860,0x00000000f0b00000)
  from space 16384K, 0% used [0x00000000f1b00000,0x00000000f1b00000,0x00000000f2b00000)
  to   space 16384K, 0% used [0x00000000f0b00000,0x00000000f0b00000,0x00000000f1b00000)
 ParOldGen       total 262144K, used 0K [0x00000000c0000000, 0x00000000d0000000, 0x00000000eab00000)
  object space 262144K, 0% used [0x00000000c0000000,0x00000000c0000000,0x00000000d0000000)
 Metaspace       used 766K, capacity 4480K, committed 4480K, reserved 1056768K
  class space    used 75K, capacity 384K, committed 384K, reserved 1048576K

Card table byte_map: [0x00000000119c0000,0x0000000011bd0000] byte_map_base: 0x00000000113c0000

Marking Bits: (ParMarkBitMap*) 0x0000000059264040
 Begin Bits: [0x0000000012130000, 0x0000000013130000)
 End Bits:   [0x0000000013130000, 0x0000000014130000)

Polling page: 0x0000000000b00000

CodeCache: size=245760Kb used=328Kb max_used=328Kb free=245431Kb
 bounds [0x0000000002600000, 0x0000000002870000, 0x0000000011600000]
 total_blobs=57 nmethods=0 adapters=37
 compilation: enabled

Compilation events (0 events):
No events

GC Heap History (0 events):
No events

Deoptimization events (0 events):
No events

Internal exceptions (0 events):
No events

Events (10 events):
Event: 0.084 loading class java/lang/Short
Event: 0.084 loading class java/lang/Short done
Event: 0.084 loading class java/lang/Integer
Event: 0.084 loading class java/lang/Integer done
Event: 0.084 loading class java/lang/Long
Event: 0.084 loading class java/lang/Long done
Event: 0.085 loading class java/lang/NullPointerException
Event: 0.085 loading class java/lang/NullPointerException done
Event: 0.085 loading class java/lang/ArithmeticException
Event: 0.085 loading class java/lang/ArithmeticException done


Dynamic libraries:
0x00007ff675580000 - 0x00007ff6755b7000 	C:\Program Files\Java\jdk1.8.0_40\bin\java.exe
0x00007ffc85bd0000 - 0x00007ffc85d7d000 	C:\Windows\SYSTEM32\ntdll.dll
0x00007ffc84010000 - 0x00007ffc8414e000 	C:\Windows\system32\KERNEL32.DLL
0x00007ffc82e20000 - 0x00007ffc82f35000 	C:\Windows\system32\KERNELBASE.dll
0x00007ffc81880000 - 0x00007ffc8190e000 	C:\Windows\system32\apphelp.dll
0x00007ffc79560000 - 0x00007ffc795b3000 	C:\Windows\AppPatch\AppPatch64\AcGenral.DLL
0x00007ffc83a20000 - 0x00007ffc83aca000 	C:\Windows\system32\msvcrt.dll
0x00007ffc82f40000 - 0x00007ffc82f6e000 	C:\Windows\system32\SspiCli.dll
0x00007ffc83720000 - 0x00007ffc83774000 	C:\Windows\system32\SHLWAPI.dll
0x00007ffc84450000 - 0x00007ffc845c7000 	C:\Windows\system32\USER32.dll
0x00007ffc83c30000 - 0x00007ffc83dc4000 	C:\Windows\system32\ole32.dll
0x00007ffc846a0000 - 0x00007ffc85bc9000 	C:\Windows\system32\SHELL32.dll
0x00007ffc82350000 - 0x00007ffc82371000 	C:\Windows\SYSTEM32\USERENV.dll
0x00007ffc843a0000 - 0x00007ffc8444a000 	C:\Windows\system32\ADVAPI32.dll
0x00007ffc79ab0000 - 0x00007ffc79ace000 	C:\Windows\SYSTEM32\MPR.dll
0x00007ffc83780000 - 0x00007ffc838c0000 	C:\Windows\system32\RPCRT4.dll
0x00007ffc83330000 - 0x00007ffc83389000 	C:\Windows\SYSTEM32\sechost.dll
0x00007ffc83df0000 - 0x00007ffc84001000 	C:\Windows\SYSTEM32\combase.dll
0x00007ffc83ad0000 - 0x00007ffc83c1f000 	C:\Windows\system32\GDI32.dll
0x00007ffc82d00000 - 0x00007ffc82d15000 	C:\Windows\SYSTEM32\profapi.dll
0x00007ffc81030000 - 0x00007ffc810e2000 	C:\Windows\SYSTEM32\SHCORE.dll
0x00007ffc83520000 - 0x00007ffc83556000 	C:\Windows\system32\IMM32.DLL
0x00007ffc838c0000 - 0x00007ffc83a12000 	C:\Windows\system32\MSCTF.dll
0x00007ffc80550000 - 0x00007ffc807cb000 	C:\Windows\WinSxS\amd64_microsoft.windows.common-controls_6595b64144ccf1df_6.0.9600.18006_none_623f33d3ecbe86e8\COMCTL32.dll
0x0000000056970000 - 0x0000000056a42000 	C:\Program Files\Java\jdk1.8.0_40\jre\bin\msvcr100.dll
0x0000000058a60000 - 0x00000000592e3000 	C:\Program Files\Java\jdk1.8.0_40\jre\bin\server\jvm.dll
0x00007ffc7ede0000 - 0x00007ffc7ede9000 	C:\Windows\SYSTEM32\WSOCK32.dll
0x00007ffc80820000 - 0x00007ffc80842000 	C:\Windows\SYSTEM32\WINMM.dll
0x00007ffc80850000 - 0x00007ffc8085a000 	C:\Windows\SYSTEM32\VERSION.dll
0x00007ffc83c20000 - 0x00007ffc83c27000 	C:\Windows\system32\PSAPI.DLL
0x00007ffc84340000 - 0x00007ffc8439a000 	C:\Windows\system32\WS2_32.dll
0x00007ffc807f0000 - 0x00007ffc8081a000 	C:\Windows\SYSTEM32\WINMMBASE.dll
0x00007ffc83560000 - 0x00007ffc83569000 	C:\Windows\system32\NSI.dll
0x00007ffc82dd0000 - 0x00007ffc82e1f000 	C:\Windows\SYSTEM32\cfgmgr32.dll
0x00007ffc81b40000 - 0x00007ffc81b68000 	C:\Windows\SYSTEM32\DEVOBJ.dll
0x0000000059d00000 - 0x0000000059d0f000 	C:\Program Files\Java\jdk1.8.0_40\jre\bin\verify.dll
0x0000000059cd0000 - 0x0000000059cf9000 	C:\Program Files\Java\jdk1.8.0_40\jre\bin\java.dll
0x0000000059cb0000 - 0x0000000059cc6000 	C:\Program Files\Java\jdk1.8.0_40\jre\bin\zip.dll
0x00007ffc76ea0000 - 0x00007ffc77029000 	C:\Windows\SYSTEM32\dbghelp.dll

VM Arguments:
jvm_args: -Djava.awt.headless=true -Xmx1024M -Dfile.encoding=windows-1252 -Duser.country=SE -Duser.language=sv -Duser.variant 
java_command: com.android.dx.command.Main --dex --force-jumbo --multi-dex --output E:\repos\Sunshine\Sunshine-Version-2\app\build\intermediates\transforms\dex\debug\folders\1000\10\support-annotations-21.0.2_ca642ecafb6662c9410d51510c81edbc133f4405 E:\Program\Android\sdk\extras\android\m2repository\com\android\support\support-annotations\21.0.2\support-annotations-21.0.2.jar
java_class_path (initial): E:\Program\Android\sdk\build-tools\21.1.2\lib\dx.jar
Launcher Type: SUN_STANDARD

Environment Variables:
PATH=C:\ProgramData\Oracle\Java\javapath;C:\Program Files (x86)\NVIDIA Corporation\PhysX\Common;C:\Windows\system32;C:\Windows;C:\Windows\System32\Wbem;C:\Windows\System32\WindowsPowerShell\v1.0\;C:\Program Files (x86)\ATI Technologies\ATI.ACE\Core-Static;E:\Program\AMD\ATI.ACE\Core-Static;C:\Program Files (x86)\AMD\ATI.ACE\Core-Static;E:\Program\Matlab2014b\runtime\win64;E:\Program\Matlab2014b\bin;E:\Program\MiKTeX\miktex\bin\x64\;C:\Program Files\Java\jdk1.8.0_40\bin;C:\Program Files (x86)\IVI Foundation\VISA\WinNT\Bin;C:\Program Files (x86)\Skype\Phone\;E:\Program\Anaconda3;E:\Program\Anaconda3\Scripts;E:\Program\Anaconda3\Library\bin;E:\Program\Git\Git\cmd;C:\Program Files (x86)\Windows Live\Shared;C:\SQLite
USERNAME=dan
OS=Windows_NT
PROCESSOR_IDENTIFIER=Intel64 Family 6 Model 42 Stepping 7, GenuineIntel



---------------  S Y S T E M  ---------------

OS: Windows 8.1 , 64 bit Build 9600 (6.3.9600.17415)

CPU:total 4 (4 cores per cpu, 1 threads per core) family 6 model 42 stepping 7, cmov, cx8, fxsr, mmx, sse, sse2, sse3, ssse3, sse4.1, sse4.2, popcnt, avx, aes, clmul, tsc, tscinvbit

Memory: 4k page, physical 25146516k(3171328k free), swap 40790496k(141556k free)

vm_info: Java HotSpot(TM) 64-Bit Server VM (25.40-b25) for windows-amd64 JRE (1.8.0_40-b25), built on Feb 10 2015 21:53:57 by "java_re" with MS VC++ 10.0 (VS2010)

time: Mon Sep 26 23:44:52 2016
elapsed time: 0 seconds (0d 0h 0m 0s)

